<?xml version="1.0" encoding="UTF-8"?>
<!-- Generated by org.testng.reporters.JUnitReportReporter -->
<testsuite hostname="DESKTOP-B3B8FNT" failures="0" tests="1" name="tests.regression.ClickOnShopNowButton" time="9.818" errors="0" timestamp="2023-02-24T11:03:11 CET" skipped="0">
  <testcase classname="tests.regression.ClickOnShopNowButton" name="scrollAndClickButtonTest" time="9.818"/>
  <system-out/>
</testsuite> <!-- tests.regression.ClickOnShopNowButton -->
