<?xml version="1.0" encoding="UTF-8"?>
<!-- Generated by org.testng.reporters.JUnitReportReporter -->
<testsuite hostname="DESKTOP-B3B8FNT" failures="0" tests="1" name="tests.regression.BuyProductMoreQuantity" time="39.207" errors="0" timestamp="2023-02-24T11:01:36 CET" skipped="0">
  <testcase classname="tests.regression.BuyProductMoreQuantity" name="buyProducts" time="39.207"/>
  <system-out/>
</testsuite> <!-- tests.regression.BuyProductMoreQuantity -->
