<?xml version="1.0" encoding="UTF-8"?>
<!-- Generated by org.testng.reporters.JUnitReportReporter -->
<testsuite hostname="DESKTOP-B3B8FNT" failures="0" tests="1" name="tests.regression.LeaveEmailFieldEmpty" time="34.362" errors="0" timestamp="2023-02-24T11:07:02 CET" skipped="0">
  <testcase classname="tests.regression.LeaveEmailFieldEmpty" name="buyMultipleProducts" time="34.362"/>
  <system-out/>
</testsuite> <!-- tests.regression.LeaveEmailFieldEmpty -->
