<?xml version="1.0" encoding="UTF-8"?>
<!-- Generated by org.testng.reporters.JUnitReportReporter -->
<testsuite hostname="DESKTOP-B3B8FNT" failures="0" tests="1" name="tests.regression.LeaveFirstNameFieldEmpty" time="34.022" errors="0" timestamp="2023-02-24T11:07:53 CET" skipped="0">
  <testcase classname="tests.regression.LeaveFirstNameFieldEmpty" name="buyMultipleProducts" time="34.022"/>
  <system-out/>
</testsuite> <!-- tests.regression.LeaveFirstNameFieldEmpty -->
