<?xml version="1.0" encoding="UTF-8"?>
<!-- Generated by org.testng.reporters.JUnitReportReporter -->
<testsuite hostname="DESKTOP-B3B8FNT" failures="0" tests="1" name="tests.smoke.ContactNumberInformation" time="7.065" errors="0" timestamp="2023-02-24T12:55:08 CET" skipped="0">
  <testcase classname="tests.smoke.ContactNumberInformation" name="clickOnPhoneNumberContact" time="7.065"/>
  <system-out/>
</testsuite> <!-- tests.smoke.ContactNumberInformation -->
