<?xml version="1.0" encoding="UTF-8"?>
<!-- Generated by org.testng.reporters.JUnitReportReporter -->
<testsuite hostname="DESKTOP-B3B8FNT" failures="0" tests="1" name="tests.regression.LeavePhoneNumberFieldEmpty" time="34.511" errors="0" timestamp="2023-02-24T11:11:09 CET" skipped="0">
  <testcase classname="tests.regression.LeavePhoneNumberFieldEmpty" name="buyMultipleProducts" time="34.511"/>
  <system-out/>
</testsuite> <!-- tests.regression.LeavePhoneNumberFieldEmpty -->
