<?xml version="1.0" encoding="UTF-8"?>
<!-- Generated by org.testng.reporters.JUnitReportReporter -->
<testsuite hostname="DESKTOP-B3B8FNT" failures="0" tests="1" name="tests.regression.LeaveCityFieldEmpty" time="35.463" errors="0" timestamp="2023-02-24T11:05:55 CET" skipped="0">
  <testcase classname="tests.regression.LeaveCityFieldEmpty" name="buyMultipleProducts" time="35.463"/>
  <system-out/>
</testsuite> <!-- tests.regression.LeaveCityFieldEmpty -->
