<?xml version="1.0" encoding="UTF-8"?>
<!-- Generated by org.testng.reporters.JUnitReportReporter -->
<testsuite hostname="DESKTOP-B3B8FNT" failures="0" tests="1" name="tests.regression.LeaveLastNameFieldEmpty" time="33.223" errors="0" timestamp="2023-02-24T11:08:42 CET" skipped="0">
  <testcase classname="tests.regression.LeaveLastNameFieldEmpty" name="buyMultipleProducts" time="33.223"/>
  <system-out/>
</testsuite> <!-- tests.regression.LeaveLastNameFieldEmpty -->
