<?xml version="1.0" encoding="UTF-8"?>
<!-- Generated by org.testng.reporters.JUnitReportReporter -->
<testsuite hostname="DESKTOP-B3B8FNT" failures="0" tests="1" name="tests.regression.BuyProductWithComment" time="37.688" errors="0" timestamp="2023-02-24T11:02:36 CET" skipped="0">
  <testcase classname="tests.regression.BuyProductWithComment" name="buyMultipleProducts" time="37.688"/>
  <system-out/>
</testsuite> <!-- tests.regression.BuyProductWithComment -->
